[  0%] Built target gazebo_msgs_generate_messages_nodejs
[  0%] Built target trajectory_msgs_generate_messages_nodejs
[  0%] Built target trajectory_msgs_generate_messages_lisp
[  0%] Built target tf2_msgs_generate_messages_cpp
[  0%] Built target dynamic_reconfigure_gencfg
[  0%] Built target std_srvs_generate_messages_eus
[  0%] Built target std_msgs_generate_messages_cpp
[  0%] Built target rosgraph_msgs_generate_messages_nodejs
[  0%] Built target actionlib_generate_messages_cpp
[  0%] Built target dynamic_reconfigure_generate_messages_eus
[  0%] Built target trajectory_msgs_generate_messages_cpp
[  0%] Built target tf_generate_messages_eus
[  0%] Built target std_msgs_generate_messages_py
[  0%] Built target gazebo_msgs_generate_messages_py
[  0%] Built target gazebo_msgs_generate_messages_cpp
[  0%] Built target geometry_msgs_generate_messages_eus
[  0%] Built target dynamic_reconfigure_generate_messages_lisp
[  0%] Built target std_srvs_generate_messages_lisp
[  0%] Built target actionlib_msgs_generate_messages_py
[  0%] Built target std_msgs_generate_messages_nodejs
[  0%] Built target rosgraph_msgs_generate_messages_lisp
[  0%] Built target _catkin_empty_exported_target
[  0%] Built target std_srvs_generate_messages_nodejs
[  0%] Built target std_msgs_generate_messages_lisp
[  0%] Built target roscpp_generate_messages_lisp
[  0%] Built target actionlib_generate_messages_lisp
[  0%] Built target actionlib_msgs_generate_messages_eus
[  0%] Built target dynamic_reconfigure_generate_messages_py
[  0%] Built target std_srvs_generate_messages_cpp
[  0%] Built target geometry_msgs_generate_messages_lisp
[  0%] Built target roscpp_generate_messages_nodejs
[  0%] Built target tf_generate_messages_cpp
[  0%] Built target rosgraph_msgs_generate_messages_py
[  0%] Built target roscpp_generate_messages_cpp
[  0%] Built target gazebo_ros_gencfg
[  0%] Built target geometry_msgs_generate_messages_py
[  0%] Built target roscpp_generate_messages_py
[  0%] Built target trajectory_msgs_generate_messages_eus
[  0%] Built target roscpp_generate_messages_eus
[  0%] Built target sensor_msgs_generate_messages_py
[  0%] Built target dynamic_reconfigure_generate_messages_nodejs
[  0%] Built target gazebo_msgs_generate_messages_lisp
[  0%] Built target tf_generate_messages_lisp
[  0%] Built target tf2_msgs_generate_messages_py
[  0%] Built target sensor_msgs_generate_messages_lisp
[  0%] Built target sensor_msgs_generate_messages_nodejs
[  0%] Built target std_srvs_generate_messages_py
[  0%] Built target dynamic_reconfigure_generate_messages_cpp
[  0%] Built target tf_generate_messages_nodejs
[  0%] Built target geometry_msgs_generate_messages_cpp
[  0%] Built target rosgraph_msgs_generate_messages_eus
[  0%] Built target rosgraph_msgs_generate_messages_cpp
[  0%] Built target sensor_msgs_generate_messages_cpp
[  0%] Built target actionlib_msgs_generate_messages_cpp
[  0%] Built target trajectory_msgs_generate_messages_py
[  0%] Built target tf2_msgs_generate_messages_eus
[  0%] Built target actionlib_generate_messages_eus
[  0%] Built target actionlib_generate_messages_nodejs
[  0%] Built target sensor_msgs_generate_messages_eus
[  0%] Built target actionlib_generate_messages_py
[  0%] Built target tf_generate_messages_py
[  0%] Built target tf2_msgs_generate_messages_lisp
[  0%] Built target robot_depth_estimation_xacro_generated_to_devel_space_
[  0%] Built target gazebo_msgs_generate_messages_eus
[  0%] Built target tf2_msgs_generate_messages_nodejs
[  0%] Built target geometry_msgs_generate_messages_nodejs
[  0%] Built target actionlib_msgs_generate_messages_nodejs
[  0%] Built target actionlib_msgs_generate_messages_lisp
[  0%] Built target std_msgs_generate_messages_eus
[ 66%] [32mBuilding CXX object CMakeFiles/robot_depth_estimation_node.dir/src/depth_estimation_node.cpp.o[0m
[ 66%] [32mBuilding CXX object CMakeFiles/robot_depth_estimation_node.dir/src/depth_infer.cpp.o[0m
In file included from [01m[K/home/user/depth_infer/src/robot_depth_estimation/src/depth_infer.cpp:1[m[K:
[01m[K/home/user/depth_infer/src/robot_depth_estimation/include/depth_infer.hpp:12:10:[m[K [01;31m[Kfatal error: [m[Konnxruntime_cxx_api.h: No such file or directory
   12 | #include [01;31m[K<onnxruntime_cxx_api.h>[m[K
      |          [01;31m[K^~~~~~~~~~~~~~~~~~~~~~~[m[K
compilation terminated.
make[2]: *** [CMakeFiles/robot_depth_estimation_node.dir/build.make:76: CMakeFiles/robot_depth_estimation_node.dir/src/depth_infer.cpp.o] Error 1
make[2]: *** Waiting for unfinished jobs....
In file included from [01m[K/home/user/depth_infer/src/robot_depth_estimation/src/depth_estimation_node.cpp:5[m[K:
[01m[K/home/user/depth_infer/src/robot_depth_estimation/include/depth_infer.hpp:12:10:[m[K [01;31m[Kfatal error: [m[Konnxruntime_cxx_api.h: No such file or directory
   12 | #include [01;31m[K<onnxruntime_cxx_api.h>[m[K
      |          [01;31m[K^~~~~~~~~~~~~~~~~~~~~~~[m[K
compilation terminated.
make[2]: *** [CMakeFiles/robot_depth_estimation_node.dir/build.make:63: CMakeFiles/robot_depth_estimation_node.dir/src/depth_estimation_node.cpp.o] Error 1
make[1]: *** [CMakeFiles/Makefile2:277: CMakeFiles/robot_depth_estimation_node.dir/all] Error 2
make: *** [Makefile:141: all] Error 2
