[36m--[0m Using CATKIN_DEVEL_PREFIX: /home/user/depth_infer/devel/.private/robot_depth_estimation
[36m--[0m Using CMAKE_PREFIX_PATH: /home/user/depth_infer/devel;/opt/ros/noetic
[36m--[0m This workspace overlays: /home/user/depth_infer/devel;/opt/ros/noetic
[36m--[0m Found PythonInterp: /usr/bin/python3 (found suitable version "3.8.10", minimum required is "3")
[36m--[0m Using PYTHON_EXECUTABLE: /usr/bin/python3
[36m--[0m Using Debian Python package layout
[36m--[0m Using empy: /usr/lib/python3/dist-packages/em.py
[36m--[0m Using CATKIN_ENABLE_TESTING: ON
[36m--[0m Call enable_testing()
[36m--[0m Using CATKIN_TEST_RESULTS_DIR: /home/user/depth_infer/build/robot_depth_estimation/test_results
[36m--[0m Forcing gtest/gmock from source, though one was otherwise available.
[36m--[0m Found gtest sources under '/usr/src/googletest': gtests will be built
[36m--[0m Found gmock sources under '/usr/src/googletest': gmock will be built
[36m--[0m Found PythonInterp: /usr/bin/python3 (found version "3.8.10")
[36m--[0m Using Python nosetests: /usr/bin/nosetests3
[36m--[0m catkin 0.8.10
[36m--[0m BUILD_SHARED_LIBS is on
[36m--[0m Using these message generators: gencpp;geneus;genlisp;gennodejs;genpy
[31m[1mCMake Error[0m at /usr/local/share/cmake/onnxruntime/onnxruntimeTargets.cmake:84 (message):
  The imported target "onnxruntime::onnxruntime" references the file

     "/usr/local/lib64/libonnxruntime.so.1.19.0"

  but this file does not exist.  Possible reasons include:

  * The file was deleted, renamed, or moved to another location.

  * An install or uninstall procedure did not complete successfully.

  * The installation package was faulty and contained

     "/usr/local/share/cmake/onnxruntime/onnxruntimeTargets.cmake"

  but not all the files it references.

[36mCall Stack (most recent call first):[0m
  /usr/local/share/cmake/onnxruntime/onnxruntimeConfig.cmake:26 (include)
  CMakeLists.txt:20 (find_package)


[36m--[0m Configuring incomplete, errors occurred!
See also "/home/user/depth_infer/build/robot_depth_estimation/CMakeFiles/CMakeOutput.log".
See also "/home/user/depth_infer/build/robot_depth_estimation/CMakeFiles/CMakeError.log".
make: *** [Makefile:1360: cmake_check_build_system] Error 1
