[0.075s] DEBUG:colcon:Command line arguments: ['/usr/bin/colcon', 'build']
[0.075s] DEBUG:colcon:Parsed command line arguments: Namespace(log_base=None, log_level=None, verb_name='build', build_base='build', install_base='install', merge_install=False, symlink_install=False, test_result_base=None, continue_on_error=False, executor='parallel', parallel_workers=20, event_handlers=None, ignore_user_meta=False, metas=['./colcon.meta'], base_paths=['.'], packages_ignore=None, packages_ignore_regex=None, paths=None, packages_up_to=None, packages_up_to_regex=None, packages_above=None, packages_above_and_dependencies=None, packages_above_depth=None, packages_select_by_dep=None, packages_skip_by_dep=None, packages_skip_up_to=None, packages_select_build_failed=False, packages_skip_build_finished=False, packages_select_test_failures=False, packages_skip_test_passed=False, packages_select=None, packages_skip=None, packages_select_regex=None, packages_skip_regex=None, packages_start=None, packages_end=None, allow_overriding=[], cmake_args=None, cmake_target=None, cmake_target_skip_unavailable=False, cmake_clean_cache=False, cmake_clean_first=False, cmake_force_configure=False, ament_cmake_args=None, catkin_cmake_args=None, catkin_skip_building_tests=False, verb_parser=<colcon_defaults.argument_parser.defaults.DefaultArgumentsDecorator object at 0x77fbd89409a0>, verb_extension=<colcon_core.verb.build.BuildVerb object at 0x77fbd8a355d0>, main=<bound method BuildVerb.main of <colcon_core.verb.build.BuildVerb object at 0x77fbd8a355d0>>)
[0.246s] Level 1:colcon.colcon_core.package_discovery:discover_packages(colcon_meta) check parameters
[0.246s] Level 1:colcon.colcon_core.package_discovery:discover_packages(recursive) check parameters
[0.246s] Level 1:colcon.colcon_core.package_discovery:discover_packages(ignore) check parameters
[0.246s] Level 1:colcon.colcon_core.package_discovery:discover_packages(path) check parameters
[0.246s] Level 1:colcon.colcon_core.package_discovery:discover_packages(colcon_meta) discover
[0.246s] Level 1:colcon.colcon_core.package_discovery:discover_packages(recursive) discover
[0.246s] INFO:colcon.colcon_core.package_discovery:Crawling recursively for packages in '/home/hesam/Desktop/playground/depth_node/src'
[0.246s] Level 1:colcon.colcon_core.package_identification:_identify(.) by extensions ['ignore', 'ignore_ament_install']
[0.246s] Level 1:colcon.colcon_core.package_identification:_identify(.) by extension 'ignore'
[0.247s] Level 1:colcon.colcon_core.package_identification:_identify(.) by extension 'ignore_ament_install'
[0.247s] Level 1:colcon.colcon_core.package_identification:_identify(.) by extensions ['colcon_pkg']
[0.247s] Level 1:colcon.colcon_core.package_identification:_identify(.) by extension 'colcon_pkg'
[0.247s] Level 1:colcon.colcon_core.package_identification:_identify(.) by extensions ['colcon_meta']
[0.247s] Level 1:colcon.colcon_core.package_identification:_identify(.) by extension 'colcon_meta'
[0.247s] Level 1:colcon.colcon_core.package_identification:_identify(.) by extensions ['ros']
[0.247s] Level 1:colcon.colcon_core.package_identification:_identify(.) by extension 'ros'
[0.255s] Level 1:colcon.colcon_core.package_identification:_identify(.) by extensions ['cmake', 'python']
[0.255s] Level 1:colcon.colcon_core.package_identification:_identify(.) by extension 'cmake'
[0.255s] Level 1:colcon.colcon_core.package_identification:_identify(.) by extension 'python'
[0.256s] Level 1:colcon.colcon_core.package_identification:_identify(.) by extensions ['python_setup_py']
[0.256s] Level 1:colcon.colcon_core.package_identification:_identify(.) by extension 'python_setup_py'
[0.256s] Level 1:colcon.colcon_core.package_identification:_identify(build) by extensions ['ignore', 'ignore_ament_install']
[0.256s] Level 1:colcon.colcon_core.package_identification:_identify(build) by extension 'ignore'
[0.256s] Level 1:colcon.colcon_core.package_identification:_identify(build) ignored
[0.256s] Level 1:colcon.colcon_core.package_identification:_identify(depth_inference) by extensions ['ignore', 'ignore_ament_install']
[0.256s] Level 1:colcon.colcon_core.package_identification:_identify(depth_inference) by extension 'ignore'
[0.256s] Level 1:colcon.colcon_core.package_identification:_identify(depth_inference) by extension 'ignore_ament_install'
[0.256s] Level 1:colcon.colcon_core.package_identification:_identify(depth_inference) by extensions ['colcon_pkg']
[0.256s] Level 1:colcon.colcon_core.package_identification:_identify(depth_inference) by extension 'colcon_pkg'
[0.256s] Level 1:colcon.colcon_core.package_identification:_identify(depth_inference) by extensions ['colcon_meta']
[0.256s] Level 1:colcon.colcon_core.package_identification:_identify(depth_inference) by extension 'colcon_meta'
[0.256s] Level 1:colcon.colcon_core.package_identification:_identify(depth_inference) by extensions ['ros']
[0.256s] Level 1:colcon.colcon_core.package_identification:_identify(depth_inference) by extension 'ros'
[0.258s] DEBUG:colcon.colcon_core.package_identification:Package 'depth_inference' with type 'ros.ament_cmake' and name 'depth_inference'
[0.259s] Level 1:colcon.colcon_core.package_identification:_identify(install) by extensions ['ignore', 'ignore_ament_install']
[0.259s] Level 1:colcon.colcon_core.package_identification:_identify(install) by extension 'ignore'
[0.259s] Level 1:colcon.colcon_core.package_identification:_identify(install) ignored
[0.259s] Level 1:colcon.colcon_core.package_identification:_identify(log) by extensions ['ignore', 'ignore_ament_install']
[0.259s] Level 1:colcon.colcon_core.package_identification:_identify(log) by extension 'ignore'
[0.259s] Level 1:colcon.colcon_core.package_identification:_identify(log) ignored
[0.259s] Level 1:colcon.colcon_core.package_discovery:discover_packages(recursive) using defaults
[0.259s] Level 1:colcon.colcon_core.package_discovery:discover_packages(ignore) discover
[0.259s] Level 1:colcon.colcon_core.package_discovery:discover_packages(ignore) using defaults
[0.259s] Level 1:colcon.colcon_core.package_discovery:discover_packages(path) discover
[0.259s] Level 1:colcon.colcon_core.package_discovery:discover_packages(path) using defaults
[0.276s] Level 1:colcon.colcon_core.package_discovery:discover_packages(prefix_path) check parameters
[0.276s] Level 1:colcon.colcon_core.package_discovery:discover_packages(prefix_path) discover
[0.279s] DEBUG:colcon.colcon_installed_package_information.package_discovery:Found 3 installed packages in /home/hesam/ros2_ws/install
[0.280s] DEBUG:colcon.colcon_installed_package_information.package_discovery:Found 479 installed packages in /opt/ros/humble
[0.290s] Level 1:colcon.colcon_core.package_discovery:discover_packages(prefix_path) using defaults
[0.320s] Level 5:colcon.colcon_core.verb:set package 'depth_inference' build argument 'cmake_args' from command line to 'None'
[0.320s] Level 5:colcon.colcon_core.verb:set package 'depth_inference' build argument 'cmake_target' from command line to 'None'
[0.320s] Level 5:colcon.colcon_core.verb:set package 'depth_inference' build argument 'cmake_target_skip_unavailable' from command line to 'False'
[0.320s] Level 5:colcon.colcon_core.verb:set package 'depth_inference' build argument 'cmake_clean_cache' from command line to 'False'
[0.320s] Level 5:colcon.colcon_core.verb:set package 'depth_inference' build argument 'cmake_clean_first' from command line to 'False'
[0.320s] Level 5:colcon.colcon_core.verb:set package 'depth_inference' build argument 'cmake_force_configure' from command line to 'False'
[0.320s] Level 5:colcon.colcon_core.verb:set package 'depth_inference' build argument 'ament_cmake_args' from command line to 'None'
[0.320s] Level 5:colcon.colcon_core.verb:set package 'depth_inference' build argument 'catkin_cmake_args' from command line to 'None'
[0.320s] Level 5:colcon.colcon_core.verb:set package 'depth_inference' build argument 'catkin_skip_building_tests' from command line to 'False'
[0.320s] DEBUG:colcon.colcon_core.verb:Building package 'depth_inference' with the following arguments: {'ament_cmake_args': None, 'build_base': '/home/hesam/Desktop/playground/depth_node/src/build/depth_inference', 'catkin_cmake_args': None, 'catkin_skip_building_tests': False, 'cmake_args': None, 'cmake_clean_cache': False, 'cmake_clean_first': False, 'cmake_force_configure': False, 'cmake_target': None, 'cmake_target_skip_unavailable': False, 'install_base': '/home/hesam/Desktop/playground/depth_node/src/install/depth_inference', 'merge_install': False, 'path': '/home/hesam/Desktop/playground/depth_node/src/depth_inference', 'symlink_install': False, 'test_result_base': None}
[0.320s] INFO:colcon.colcon_core.executor:Executing jobs using 'parallel' executor
[0.321s] DEBUG:colcon.colcon_parallel_executor.executor.parallel:run_until_complete
[0.321s] INFO:colcon.colcon_ros.task.ament_cmake.build:Building ROS package in '/home/hesam/Desktop/playground/depth_node/src/depth_inference' with build type 'ament_cmake'
[0.322s] INFO:colcon.colcon_cmake.task.cmake.build:Building CMake package in '/home/hesam/Desktop/playground/depth_node/src/depth_inference'
[0.324s] INFO:colcon.colcon_core.plugin_system:Skipping extension 'colcon_core.shell.bat': Not used on non-Windows systems
[0.324s] INFO:colcon.colcon_core.shell:Skip shell extension 'powershell' for command environment: Not usable outside of PowerShell
[0.324s] DEBUG:colcon.colcon_core.shell:Skip shell extension 'dsv' for command environment
[0.331s] DEBUG:colcon.colcon_core.event_handler.log_command:Invoking command in '/home/hesam/Desktop/playground/depth_node/src/build/depth_inference': CMAKE_PREFIX_PATH=/home/hesam/ros2_ws/install/robot_localization_gazebo:/home/hesam/ros2_ws/install/kitti2rosbag2:/opt/ros/humble /usr/bin/cmake /home/hesam/Desktop/playground/depth_node/src/depth_inference -DCMAKE_INSTALL_PREFIX=/home/hesam/Desktop/playground/depth_node/src/install/depth_inference
[3.403s] DEBUG:colcon.colcon_core.event_handler.log_command:Invoked command in '/home/hesam/Desktop/playground/depth_node/src/build/depth_inference' returned '0': CMAKE_PREFIX_PATH=/home/hesam/ros2_ws/install/robot_localization_gazebo:/home/hesam/ros2_ws/install/kitti2rosbag2:/opt/ros/humble /usr/bin/cmake /home/hesam/Desktop/playground/depth_node/src/depth_inference -DCMAKE_INSTALL_PREFIX=/home/hesam/Desktop/playground/depth_node/src/install/depth_inference
[3.405s] DEBUG:colcon.colcon_core.event_handler.log_command:Invoking command in '/home/hesam/Desktop/playground/depth_node/src/build/depth_inference': CMAKE_PREFIX_PATH=/home/hesam/ros2_ws/install/robot_localization_gazebo:/home/hesam/ros2_ws/install/kitti2rosbag2:/opt/ros/humble /usr/bin/cmake --build /home/hesam/Desktop/playground/depth_node/src/build/depth_inference -- -j20 -l20
[20.974s] DEBUG:colcon.colcon_core.event_handler.log_command:Invoked command in '/home/hesam/Desktop/playground/depth_node/src/build/depth_inference' returned '0': CMAKE_PREFIX_PATH=/home/hesam/ros2_ws/install/robot_localization_gazebo:/home/hesam/ros2_ws/install/kitti2rosbag2:/opt/ros/humble /usr/bin/cmake --build /home/hesam/Desktop/playground/depth_node/src/build/depth_inference -- -j20 -l20
[21.007s] DEBUG:colcon.colcon_core.event_handler.log_command:Invoking command in '/home/hesam/Desktop/playground/depth_node/src/build/depth_inference': CMAKE_PREFIX_PATH=/home/hesam/ros2_ws/install/robot_localization_gazebo:/home/hesam/ros2_ws/install/kitti2rosbag2:/opt/ros/humble /usr/bin/cmake --install /home/hesam/Desktop/playground/depth_node/src/build/depth_inference
[21.023s] Level 1:colcon.colcon_core.environment:create_environment_scripts_only(depth_inference)
[21.023s] DEBUG:colcon.colcon_core.event_handler.log_command:Invoked command in '/home/hesam/Desktop/playground/depth_node/src/build/depth_inference' returned '0': CMAKE_PREFIX_PATH=/home/hesam/ros2_ws/install/robot_localization_gazebo:/home/hesam/ros2_ws/install/kitti2rosbag2:/opt/ros/humble /usr/bin/cmake --install /home/hesam/Desktop/playground/depth_node/src/build/depth_inference
[21.027s] Level 1:colcon.colcon_core.environment:checking '/home/hesam/Desktop/playground/depth_node/src/install/depth_inference' for CMake module files
[21.027s] Level 1:colcon.colcon_core.environment:checking '/home/hesam/Desktop/playground/depth_node/src/install/depth_inference' for CMake config files
[21.027s] Level 1:colcon.colcon_core.shell:create_environment_hook('depth_inference', 'cmake_prefix_path')
[21.027s] INFO:colcon.colcon_core.shell:Creating environment hook '/home/hesam/Desktop/playground/depth_node/src/install/depth_inference/share/depth_inference/hook/cmake_prefix_path.ps1'
[21.028s] INFO:colcon.colcon_core.shell:Creating environment descriptor '/home/hesam/Desktop/playground/depth_node/src/install/depth_inference/share/depth_inference/hook/cmake_prefix_path.dsv'
[21.028s] INFO:colcon.colcon_core.shell:Creating environment hook '/home/hesam/Desktop/playground/depth_node/src/install/depth_inference/share/depth_inference/hook/cmake_prefix_path.sh'
[21.029s] Level 1:colcon.colcon_core.environment:checking '/home/hesam/Desktop/playground/depth_node/src/install/depth_inference/lib'
[21.029s] Level 1:colcon.colcon_core.environment:checking '/home/hesam/Desktop/playground/depth_node/src/install/depth_inference/bin'
[21.029s] Level 1:colcon.colcon_core.environment:checking '/home/hesam/Desktop/playground/depth_node/src/install/depth_inference/lib/pkgconfig/depth_inference.pc'
[21.029s] Level 1:colcon.colcon_core.environment:checking '/home/hesam/Desktop/playground/depth_node/src/install/depth_inference/lib/python3.10/site-packages'
[21.029s] Level 1:colcon.colcon_core.environment:checking '/home/hesam/Desktop/playground/depth_node/src/install/depth_inference/bin'
[21.030s] INFO:colcon.colcon_core.shell:Creating package script '/home/hesam/Desktop/playground/depth_node/src/install/depth_inference/share/depth_inference/package.ps1'
[21.030s] INFO:colcon.colcon_core.shell:Creating package descriptor '/home/hesam/Desktop/playground/depth_node/src/install/depth_inference/share/depth_inference/package.dsv'
[21.031s] INFO:colcon.colcon_core.shell:Creating package script '/home/hesam/Desktop/playground/depth_node/src/install/depth_inference/share/depth_inference/package.sh'
[21.031s] INFO:colcon.colcon_core.shell:Creating package script '/home/hesam/Desktop/playground/depth_node/src/install/depth_inference/share/depth_inference/package.bash'
[21.032s] INFO:colcon.colcon_core.shell:Creating package script '/home/hesam/Desktop/playground/depth_node/src/install/depth_inference/share/depth_inference/package.zsh'
[21.032s] Level 1:colcon.colcon_core.environment:create_file_with_runtime_dependencies(/home/hesam/Desktop/playground/depth_node/src/install/depth_inference/share/colcon-core/packages/depth_inference)
[21.057s] Level 1:colcon.colcon_core.environment:create_environment_scripts_only(depth_inference)
[21.057s] Level 1:colcon.colcon_core.environment:checking '/home/hesam/Desktop/playground/depth_node/src/install/depth_inference' for CMake module files
[21.057s] Level 1:colcon.colcon_core.environment:checking '/home/hesam/Desktop/playground/depth_node/src/install/depth_inference' for CMake config files
[21.058s] Level 1:colcon.colcon_core.shell:create_environment_hook('depth_inference', 'cmake_prefix_path')
[21.058s] INFO:colcon.colcon_core.shell:Creating environment hook '/home/hesam/Desktop/playground/depth_node/src/install/depth_inference/share/depth_inference/hook/cmake_prefix_path.ps1'
[21.058s] INFO:colcon.colcon_core.shell:Creating environment descriptor '/home/hesam/Desktop/playground/depth_node/src/install/depth_inference/share/depth_inference/hook/cmake_prefix_path.dsv'
[21.058s] INFO:colcon.colcon_core.shell:Creating environment hook '/home/hesam/Desktop/playground/depth_node/src/install/depth_inference/share/depth_inference/hook/cmake_prefix_path.sh'
[21.058s] Level 1:colcon.colcon_core.environment:checking '/home/hesam/Desktop/playground/depth_node/src/install/depth_inference/lib'
[21.059s] Level 1:colcon.colcon_core.environment:checking '/home/hesam/Desktop/playground/depth_node/src/install/depth_inference/bin'
[21.059s] Level 1:colcon.colcon_core.environment:checking '/home/hesam/Desktop/playground/depth_node/src/install/depth_inference/lib/pkgconfig/depth_inference.pc'
[21.059s] Level 1:colcon.colcon_core.environment:checking '/home/hesam/Desktop/playground/depth_node/src/install/depth_inference/lib/python3.10/site-packages'
[21.059s] Level 1:colcon.colcon_core.environment:checking '/home/hesam/Desktop/playground/depth_node/src/install/depth_inference/bin'
[21.059s] INFO:colcon.colcon_core.shell:Creating package script '/home/hesam/Desktop/playground/depth_node/src/install/depth_inference/share/depth_inference/package.ps1'
[21.059s] INFO:colcon.colcon_core.shell:Creating package descriptor '/home/hesam/Desktop/playground/depth_node/src/install/depth_inference/share/depth_inference/package.dsv'
[21.059s] INFO:colcon.colcon_core.shell:Creating package script '/home/hesam/Desktop/playground/depth_node/src/install/depth_inference/share/depth_inference/package.sh'
[21.060s] INFO:colcon.colcon_core.shell:Creating package script '/home/hesam/Desktop/playground/depth_node/src/install/depth_inference/share/depth_inference/package.bash'
[21.060s] INFO:colcon.colcon_core.shell:Creating package script '/home/hesam/Desktop/playground/depth_node/src/install/depth_inference/share/depth_inference/package.zsh'
[21.060s] Level 1:colcon.colcon_core.environment:create_file_with_runtime_dependencies(/home/hesam/Desktop/playground/depth_node/src/install/depth_inference/share/colcon-core/packages/depth_inference)
[21.060s] DEBUG:colcon.colcon_parallel_executor.executor.parallel:closing loop
[21.060s] DEBUG:colcon.colcon_parallel_executor.executor.parallel:loop closed
[21.060s] DEBUG:colcon.colcon_parallel_executor.executor.parallel:run_until_complete finished with '0'
[21.060s] DEBUG:colcon.colcon_core.event_reactor:joining thread
[21.065s] INFO:colcon.colcon_core.plugin_system:Skipping extension 'colcon_notification.desktop_notification.terminal_notifier': Not used on non-Darwin systems
[21.066s] INFO:colcon.colcon_core.plugin_system:Skipping extension 'colcon_notification.desktop_notification.win32': Not used on non-Windows systems
[21.066s] INFO:colcon.colcon_notification.desktop_notification:Sending desktop notification using 'notify2'
[21.074s] DEBUG:colcon.colcon_core.event_reactor:joined thread
[21.075s] INFO:colcon.colcon_core.shell:Creating prefix script '/home/hesam/Desktop/playground/depth_node/src/install/local_setup.ps1'
[21.075s] INFO:colcon.colcon_core.shell:Creating prefix util module '/home/hesam/Desktop/playground/depth_node/src/install/_local_setup_util_ps1.py'
[21.076s] INFO:colcon.colcon_core.shell:Creating prefix chain script '/home/hesam/Desktop/playground/depth_node/src/install/setup.ps1'
[21.077s] INFO:colcon.colcon_core.shell:Creating prefix script '/home/hesam/Desktop/playground/depth_node/src/install/local_setup.sh'
[21.077s] INFO:colcon.colcon_core.shell:Creating prefix util module '/home/hesam/Desktop/playground/depth_node/src/install/_local_setup_util_sh.py'
[21.078s] INFO:colcon.colcon_core.shell:Creating prefix chain script '/home/hesam/Desktop/playground/depth_node/src/install/setup.sh'
[21.078s] INFO:colcon.colcon_core.shell:Creating prefix script '/home/hesam/Desktop/playground/depth_node/src/install/local_setup.bash'
[21.079s] INFO:colcon.colcon_core.shell:Creating prefix chain script '/home/hesam/Desktop/playground/depth_node/src/install/setup.bash'
[21.079s] INFO:colcon.colcon_core.shell:Creating prefix script '/home/hesam/Desktop/playground/depth_node/src/install/local_setup.zsh'
[21.080s] INFO:colcon.colcon_core.shell:Creating prefix chain script '/home/hesam/Desktop/playground/depth_node/src/install/setup.zsh'
