[0.006s] Invoking command in '/home/hesam/Desktop/playground/depth_node/src/build/orbslam3': CMAKE_PREFIX_PATH=${CMAKE_PREFIX_PATH}:/home/hesam/ros2_ws/install/robot_localization_gazebo:/home/hesam/ros2_ws/install/kitti2rosbag2:/opt/ros/humble /usr/bin/cmake /home/hesam/Desktop/playground/depth_node/src/orbslam3_ros2 -DCMAKE_INSTALL_PREFIX=/home/hesam/Desktop/playground/depth_node/src/install/orbslam3
[0.074s] -- The C compiler identification is GNU 12.3.0
[0.117s] -- The CXX compiler identification is GNU 12.3.0
[0.124s] -- Detecting C compiler ABI info
[0.185s] -- Detecting C compiler ABI info - done
[0.192s] -- Check for working C compiler: /usr/bin/cc - skipped
[0.193s] -- Detecting C compile features
[0.194s] -- Detecting C compile features - done
[0.197s] -- Detecting CXX compiler ABI info
[0.260s] -- Detecting CXX compiler ABI info - done
[0.266s] -- Check for working CXX compiler: /usr/bin/c++ - skipped
[0.266s] -- Detecting CXX compile features
[0.267s] -- Detecting CXX compile features - done
[0.275s] -- Found ament_cmake: 1.3.8 (/opt/ros/humble/share/ament_cmake/cmake)
[0.374s] -- Found Python3: /usr/bin/python3 (found version "3.10.12") found components: Interpreter 
[0.474s] -- Found rclcpp: 16.0.9 (/opt/ros/humble/share/rclcpp/cmake)
[0.530s] -- Found rosidl_generator_c: 3.1.5 (/opt/ros/humble/share/rosidl_generator_c/cmake)
[0.535s] -- Found rosidl_adapter: 3.1.5 (/opt/ros/humble/share/rosidl_adapter/cmake)
[0.543s] -- Found rosidl_generator_cpp: 3.1.5 (/opt/ros/humble/share/rosidl_generator_cpp/cmake)
[0.556s] -- Using all available rosidl_typesupport_c: rosidl_typesupport_fastrtps_c;rosidl_typesupport_introspection_c
[0.571s] -- Using all available rosidl_typesupport_cpp: rosidl_typesupport_fastrtps_cpp;rosidl_typesupport_introspection_cpp
[0.629s] -- Found rmw_implementation_cmake: 6.1.1 (/opt/ros/humble/share/rmw_implementation_cmake/cmake)
[0.632s] -- Found rmw_cyclonedds_cpp: 1.3.4 (/opt/ros/humble/share/rmw_cyclonedds_cpp/cmake)
[0.659s] -- Using RMW implementation 'rmw_cyclonedds_cpp' as default
[0.668s] -- Looking for pthread.h
[0.726s] -- Looking for pthread.h - found
[0.727s] -- Performing Test CMAKE_HAVE_LIBC_PTHREAD
[0.791s] -- Performing Test CMAKE_HAVE_LIBC_PTHREAD - Success
[0.792s] -- Found Threads: TRUE  
[0.905s] -- Found sensor_msgs: 4.2.3 (/opt/ros/humble/share/sensor_msgs/cmake)
[0.999s] -- Found cv_bridge: 3.2.1 (/opt/ros/humble/share/cv_bridge/cmake)
[1.032s] -- Found CUDA: /usr/local/cuda-11.8 (found suitable exact version "11.8") 
[1.056s] -- Found message_filters: 4.3.3 (/opt/ros/humble/share/message_filters/cmake)
[1.081s] -- Found OpenGL: /usr/lib/x86_64-linux-gnu/libOpenGL.so  found components: OpenGL 
[1.091s] -- Found OpenCV: /usr/local (found version "4.8.0") 
[1.092s] [31mCMake Error at /usr/share/cmake-3.22/Modules/FindPackageHandleStandardArgs.cmake:230 (message):
[1.093s]   Could NOT find ORB_SLAM3 (missing: DUtils_INCLUDE_DIR)
[1.093s] Call Stack (most recent call first):
[1.093s]   /usr/share/cmake-3.22/Modules/FindPackageHandleStandardArgs.cmake:594 (_FPHSA_FAILURE_MESSAGE)
[1.093s]   CMakeModules/FindORB_SLAM3.cmake:38 (find_package_handle_standard_args)
[1.093s]   CMakeLists.txt:24 (find_package)
[1.093s] 
[1.093s] [0m
[1.093s] -- Configuring incomplete, errors occurred!
[1.093s] See also "/home/hesam/Desktop/playground/depth_node/src/build/orbslam3/CMakeFiles/CMakeOutput.log".
[1.109s] Invoked command in '/home/hesam/Desktop/playground/depth_node/src/build/orbslam3' returned '1': CMAKE_PREFIX_PATH=${CMAKE_PREFIX_PATH}:/home/hesam/ros2_ws/install/robot_localization_gazebo:/home/hesam/ros2_ws/install/kitti2rosbag2:/opt/ros/humble /usr/bin/cmake /home/hesam/Desktop/playground/depth_node/src/orbslam3_ros2 -DCMAKE_INSTALL_PREFIX=/home/hesam/Desktop/playground/depth_node/src/install/orbslam3
