[0.055s] DEBUG:colcon:Command line arguments: ['/usr/bin/colcon', 'build']
[0.055s] DEBUG:colcon:Parsed command line arguments: Namespace(log_base=None, log_level=None, verb_name='build', build_base='build', install_base='install', merge_install=False, symlink_install=False, test_result_base=None, continue_on_error=False, executor='parallel', parallel_workers=20, event_handlers=None, ignore_user_meta=False, metas=['./colcon.meta'], base_paths=['.'], packages_ignore=None, packages_ignore_regex=None, paths=None, packages_up_to=None, packages_up_to_regex=None, packages_above=None, packages_above_and_dependencies=None, packages_above_depth=None, packages_select_by_dep=None, packages_skip_by_dep=None, packages_skip_up_to=None, packages_select_build_failed=False, packages_skip_build_finished=False, packages_select_test_failures=False, packages_skip_test_passed=False, packages_select=None, packages_skip=None, packages_select_regex=None, packages_skip_regex=None, packages_start=None, packages_end=None, allow_overriding=[], cmake_args=None, cmake_target=None, cmake_target_skip_unavailable=False, cmake_clean_cache=False, cmake_clean_first=False, cmake_force_configure=False, ament_cmake_args=None, catkin_cmake_args=None, catkin_skip_building_tests=False, verb_parser=<colcon_defaults.argument_parser.defaults.DefaultArgumentsDecorator object at 0x7f8c7ee049d0>, verb_extension=<colcon_core.verb.build.BuildVerb object at 0x7f8c7eef5600>, main=<bound method BuildVerb.main of <colcon_core.verb.build.BuildVerb object at 0x7f8c7eef5600>>)
[0.139s] Level 1:colcon.colcon_core.package_discovery:discover_packages(colcon_meta) check parameters
[0.139s] Level 1:colcon.colcon_core.package_discovery:discover_packages(recursive) check parameters
[0.139s] Level 1:colcon.colcon_core.package_discovery:discover_packages(ignore) check parameters
[0.139s] Level 1:colcon.colcon_core.package_discovery:discover_packages(path) check parameters
[0.139s] Level 1:colcon.colcon_core.package_discovery:discover_packages(colcon_meta) discover
[0.139s] Level 1:colcon.colcon_core.package_discovery:discover_packages(recursive) discover
[0.139s] INFO:colcon.colcon_core.package_discovery:Crawling recursively for packages in '/home/hesam/Desktop/playground/depth_node/src'
[0.139s] Level 1:colcon.colcon_core.package_identification:_identify(.) by extensions ['ignore', 'ignore_ament_install']
[0.139s] Level 1:colcon.colcon_core.package_identification:_identify(.) by extension 'ignore'
[0.139s] Level 1:colcon.colcon_core.package_identification:_identify(.) by extension 'ignore_ament_install'
[0.139s] Level 1:colcon.colcon_core.package_identification:_identify(.) by extensions ['colcon_pkg']
[0.139s] Level 1:colcon.colcon_core.package_identification:_identify(.) by extension 'colcon_pkg'
[0.139s] Level 1:colcon.colcon_core.package_identification:_identify(.) by extensions ['colcon_meta']
[0.139s] Level 1:colcon.colcon_core.package_identification:_identify(.) by extension 'colcon_meta'
[0.140s] Level 1:colcon.colcon_core.package_identification:_identify(.) by extensions ['ros']
[0.140s] Level 1:colcon.colcon_core.package_identification:_identify(.) by extension 'ros'
[0.147s] Level 1:colcon.colcon_core.package_identification:_identify(.) by extensions ['cmake', 'python']
[0.147s] Level 1:colcon.colcon_core.package_identification:_identify(.) by extension 'cmake'
[0.147s] Level 1:colcon.colcon_core.package_identification:_identify(.) by extension 'python'
[0.147s] Level 1:colcon.colcon_core.package_identification:_identify(.) by extensions ['python_setup_py']
[0.147s] Level 1:colcon.colcon_core.package_identification:_identify(.) by extension 'python_setup_py'
[0.148s] Level 1:colcon.colcon_core.package_identification:_identify(build) by extensions ['ignore', 'ignore_ament_install']
[0.148s] Level 1:colcon.colcon_core.package_identification:_identify(build) by extension 'ignore'
[0.148s] Level 1:colcon.colcon_core.package_identification:_identify(build) ignored
[0.148s] Level 1:colcon.colcon_core.package_identification:_identify(depth_inference) by extensions ['ignore', 'ignore_ament_install']
[0.148s] Level 1:colcon.colcon_core.package_identification:_identify(depth_inference) by extension 'ignore'
[0.148s] Level 1:colcon.colcon_core.package_identification:_identify(depth_inference) by extension 'ignore_ament_install'
[0.148s] Level 1:colcon.colcon_core.package_identification:_identify(depth_inference) by extensions ['colcon_pkg']
[0.148s] Level 1:colcon.colcon_core.package_identification:_identify(depth_inference) by extension 'colcon_pkg'
[0.148s] Level 1:colcon.colcon_core.package_identification:_identify(depth_inference) by extensions ['colcon_meta']
[0.148s] Level 1:colcon.colcon_core.package_identification:_identify(depth_inference) by extension 'colcon_meta'
[0.148s] Level 1:colcon.colcon_core.package_identification:_identify(depth_inference) by extensions ['ros']
[0.148s] Level 1:colcon.colcon_core.package_identification:_identify(depth_inference) by extension 'ros'
[0.151s] DEBUG:colcon.colcon_core.package_identification:Package 'depth_inference' with type 'ros.ament_cmake' and name 'depth_inference'
[0.151s] Level 1:colcon.colcon_core.package_identification:_identify(install) by extensions ['ignore', 'ignore_ament_install']
[0.151s] Level 1:colcon.colcon_core.package_identification:_identify(install) by extension 'ignore'
[0.151s] Level 1:colcon.colcon_core.package_identification:_identify(install) ignored
[0.151s] Level 1:colcon.colcon_core.package_identification:_identify(log) by extensions ['ignore', 'ignore_ament_install']
[0.151s] Level 1:colcon.colcon_core.package_identification:_identify(log) by extension 'ignore'
[0.151s] Level 1:colcon.colcon_core.package_identification:_identify(log) ignored
[0.151s] Level 1:colcon.colcon_core.package_discovery:discover_packages(recursive) using defaults
[0.151s] Level 1:colcon.colcon_core.package_discovery:discover_packages(ignore) discover
[0.151s] Level 1:colcon.colcon_core.package_discovery:discover_packages(ignore) using defaults
[0.151s] Level 1:colcon.colcon_core.package_discovery:discover_packages(path) discover
[0.151s] Level 1:colcon.colcon_core.package_discovery:discover_packages(path) using defaults
[0.165s] Level 1:colcon.colcon_core.package_discovery:discover_packages(prefix_path) check parameters
[0.165s] Level 1:colcon.colcon_core.package_discovery:discover_packages(prefix_path) discover
[0.166s] DEBUG:colcon.colcon_installed_package_information.package_discovery:Found 1 installed packages in /home/hesam/Desktop/playground/depth_node/src/install
[0.166s] DEBUG:colcon.colcon_installed_package_information.package_discovery:Found 3 installed packages in /home/hesam/ros2_ws/install
[0.167s] DEBUG:colcon.colcon_installed_package_information.package_discovery:Found 479 installed packages in /opt/ros/humble
[0.176s] Level 1:colcon.colcon_core.package_discovery:discover_packages(prefix_path) using defaults
[0.203s] Level 5:colcon.colcon_core.verb:set package 'depth_inference' build argument 'cmake_args' from command line to 'None'
[0.203s] Level 5:colcon.colcon_core.verb:set package 'depth_inference' build argument 'cmake_target' from command line to 'None'
[0.203s] Level 5:colcon.colcon_core.verb:set package 'depth_inference' build argument 'cmake_target_skip_unavailable' from command line to 'False'
[0.203s] Level 5:colcon.colcon_core.verb:set package 'depth_inference' build argument 'cmake_clean_cache' from command line to 'False'
[0.203s] Level 5:colcon.colcon_core.verb:set package 'depth_inference' build argument 'cmake_clean_first' from command line to 'False'
[0.203s] Level 5:colcon.colcon_core.verb:set package 'depth_inference' build argument 'cmake_force_configure' from command line to 'False'
[0.203s] Level 5:colcon.colcon_core.verb:set package 'depth_inference' build argument 'ament_cmake_args' from command line to 'None'
[0.203s] Level 5:colcon.colcon_core.verb:set package 'depth_inference' build argument 'catkin_cmake_args' from command line to 'None'
[0.203s] Level 5:colcon.colcon_core.verb:set package 'depth_inference' build argument 'catkin_skip_building_tests' from command line to 'False'
[0.203s] DEBUG:colcon.colcon_core.verb:Building package 'depth_inference' with the following arguments: {'ament_cmake_args': None, 'build_base': '/home/hesam/Desktop/playground/depth_node/src/build/depth_inference', 'catkin_cmake_args': None, 'catkin_skip_building_tests': False, 'cmake_args': None, 'cmake_clean_cache': False, 'cmake_clean_first': False, 'cmake_force_configure': False, 'cmake_target': None, 'cmake_target_skip_unavailable': False, 'install_base': '/home/hesam/Desktop/playground/depth_node/src/install/depth_inference', 'merge_install': False, 'path': '/home/hesam/Desktop/playground/depth_node/src/depth_inference', 'symlink_install': False, 'test_result_base': None}
[0.203s] INFO:colcon.colcon_core.executor:Executing jobs using 'parallel' executor
[0.204s] DEBUG:colcon.colcon_parallel_executor.executor.parallel:run_until_complete
[0.204s] INFO:colcon.colcon_ros.task.ament_cmake.build:Building ROS package in '/home/hesam/Desktop/playground/depth_node/src/depth_inference' with build type 'ament_cmake'
[0.204s] INFO:colcon.colcon_cmake.task.cmake.build:Building CMake package in '/home/hesam/Desktop/playground/depth_node/src/depth_inference'
[0.205s] INFO:colcon.colcon_core.plugin_system:Skipping extension 'colcon_core.shell.bat': Not used on non-Windows systems
[0.205s] INFO:colcon.colcon_core.shell:Skip shell extension 'powershell' for command environment: Not usable outside of PowerShell
[0.205s] DEBUG:colcon.colcon_core.shell:Skip shell extension 'dsv' for command environment
[0.212s] DEBUG:colcon.colcon_core.event_handler.log_command:Invoking command in '/home/hesam/Desktop/playground/depth_node/src/build/depth_inference': CMAKE_PREFIX_PATH=${CMAKE_PREFIX_PATH}:/home/hesam/ros2_ws/install/robot_localization_gazebo:/home/hesam/ros2_ws/install/kitti2rosbag2:/opt/ros/humble /usr/bin/cmake --build /home/hesam/Desktop/playground/depth_node/src/build/depth_inference -- -j20 -l20
[13.005s] DEBUG:colcon.colcon_parallel_executor.executor.parallel:run_until_complete was interrupted
[13.006s] DEBUG:colcon.colcon_parallel_executor.executor.parallel:run_until_complete again
[13.098s] DEBUG:colcon.colcon_core.event_handler.log_command:Invoked command in '/home/hesam/Desktop/playground/depth_node/src/build/depth_inference' returned '-2': CMAKE_PREFIX_PATH=${CMAKE_PREFIX_PATH}:/home/hesam/ros2_ws/install/robot_localization_gazebo:/home/hesam/ros2_ws/install/kitti2rosbag2:/opt/ros/humble /usr/bin/cmake --build /home/hesam/Desktop/playground/depth_node/src/build/depth_inference -- -j20 -l20
[13.119s] Level 1:colcon.colcon_core.environment:create_environment_scripts_only(depth_inference)
[13.120s] Level 1:colcon.colcon_core.environment:checking '/home/hesam/Desktop/playground/depth_node/src/install/depth_inference' for CMake module files
[13.121s] Level 1:colcon.colcon_core.environment:checking '/home/hesam/Desktop/playground/depth_node/src/install/depth_inference' for CMake config files
[13.121s] Level 1:colcon.colcon_core.shell:create_environment_hook('depth_inference', 'cmake_prefix_path')
[13.121s] INFO:colcon.colcon_core.shell:Creating environment hook '/home/hesam/Desktop/playground/depth_node/src/install/depth_inference/share/depth_inference/hook/cmake_prefix_path.ps1'
[13.121s] INFO:colcon.colcon_core.shell:Creating environment descriptor '/home/hesam/Desktop/playground/depth_node/src/install/depth_inference/share/depth_inference/hook/cmake_prefix_path.dsv'
[13.121s] INFO:colcon.colcon_core.shell:Creating environment hook '/home/hesam/Desktop/playground/depth_node/src/install/depth_inference/share/depth_inference/hook/cmake_prefix_path.sh'
[13.122s] Level 1:colcon.colcon_core.environment:checking '/home/hesam/Desktop/playground/depth_node/src/install/depth_inference/lib'
[13.122s] Level 1:colcon.colcon_core.environment:checking '/home/hesam/Desktop/playground/depth_node/src/install/depth_inference/bin'
[13.122s] Level 1:colcon.colcon_core.environment:checking '/home/hesam/Desktop/playground/depth_node/src/install/depth_inference/lib/pkgconfig/depth_inference.pc'
[13.122s] Level 1:colcon.colcon_core.environment:checking '/home/hesam/Desktop/playground/depth_node/src/install/depth_inference/lib/python3.10/site-packages'
[13.122s] Level 1:colcon.colcon_core.environment:checking '/home/hesam/Desktop/playground/depth_node/src/install/depth_inference/bin'
[13.122s] INFO:colcon.colcon_core.shell:Creating package script '/home/hesam/Desktop/playground/depth_node/src/install/depth_inference/share/depth_inference/package.ps1'
[13.123s] INFO:colcon.colcon_core.shell:Creating package descriptor '/home/hesam/Desktop/playground/depth_node/src/install/depth_inference/share/depth_inference/package.dsv'
[13.123s] INFO:colcon.colcon_core.shell:Creating package script '/home/hesam/Desktop/playground/depth_node/src/install/depth_inference/share/depth_inference/package.sh'
[13.124s] INFO:colcon.colcon_core.shell:Creating package script '/home/hesam/Desktop/playground/depth_node/src/install/depth_inference/share/depth_inference/package.bash'
[13.124s] INFO:colcon.colcon_core.shell:Creating package script '/home/hesam/Desktop/playground/depth_node/src/install/depth_inference/share/depth_inference/package.zsh'
[13.125s] Level 1:colcon.colcon_core.environment:create_file_with_runtime_dependencies(/home/hesam/Desktop/playground/depth_node/src/install/depth_inference/share/colcon-core/packages/depth_inference)
[13.135s] DEBUG:colcon.colcon_parallel_executor.executor.parallel:run_until_complete finished
[13.135s] DEBUG:colcon.colcon_parallel_executor.executor.parallel:closing loop
[13.135s] DEBUG:colcon.colcon_parallel_executor.executor.parallel:loop closed
[13.135s] DEBUG:colcon.colcon_core.event_reactor:joining thread
[13.139s] INFO:colcon.colcon_core.plugin_system:Skipping extension 'colcon_notification.desktop_notification.terminal_notifier': Not used on non-Darwin systems
[13.139s] INFO:colcon.colcon_core.plugin_system:Skipping extension 'colcon_notification.desktop_notification.win32': Not used on non-Windows systems
[13.139s] INFO:colcon.colcon_notification.desktop_notification:Sending desktop notification using 'notify2'
[13.148s] DEBUG:colcon.colcon_core.event_reactor:joined thread
[13.149s] INFO:colcon.colcon_core.shell:Creating prefix script '/home/hesam/Desktop/playground/depth_node/src/install/local_setup.ps1'
[13.149s] INFO:colcon.colcon_core.shell:Creating prefix util module '/home/hesam/Desktop/playground/depth_node/src/install/_local_setup_util_ps1.py'
[13.150s] INFO:colcon.colcon_core.shell:Creating prefix chain script '/home/hesam/Desktop/playground/depth_node/src/install/setup.ps1'
[13.150s] INFO:colcon.colcon_core.shell:Creating prefix script '/home/hesam/Desktop/playground/depth_node/src/install/local_setup.sh'
[13.151s] INFO:colcon.colcon_core.shell:Creating prefix util module '/home/hesam/Desktop/playground/depth_node/src/install/_local_setup_util_sh.py'
[13.151s] INFO:colcon.colcon_core.shell:Creating prefix chain script '/home/hesam/Desktop/playground/depth_node/src/install/setup.sh'
[13.152s] INFO:colcon.colcon_core.shell:Creating prefix script '/home/hesam/Desktop/playground/depth_node/src/install/local_setup.bash'
[13.152s] INFO:colcon.colcon_core.shell:Creating prefix chain script '/home/hesam/Desktop/playground/depth_node/src/install/setup.bash'
[13.153s] INFO:colcon.colcon_core.shell:Creating prefix script '/home/hesam/Desktop/playground/depth_node/src/install/local_setup.zsh'
[13.153s] INFO:colcon.colcon_core.shell:Creating prefix chain script '/home/hesam/Desktop/playground/depth_node/src/install/setup.zsh'
